<?xml version="1.0" encoding="UTF-8"?>
<!-- Generated by org.testng.reporters.JUnitReportReporter -->
<testsuite hostname="VG" failures="0" tests="10" name="com.employeeapi.base.TC001_GetAllEmployee" time="0.018" errors="1" timestamp="2024-01-27T17:33:25 IST" skipped="9">
  <testcase classname="com.employeeapi.base.TC001_GetAllEmployee" name="checkResponseCode" time="0.000">
    <skipped/>
  </testcase> <!-- checkResponseCode -->
  <system-out/>
  <testcase classname="com.employeeapi.base.TC001_GetAllEmployee" name="checkContentEncoding" time="0.000">
    <skipped/>
  </testcase> <!-- checkContentEncoding -->
  <system-out/>
  <testcase classname="com.employeeapi.base.TC001_GetAllEmployee" name="checkCookies" time="0.001">
    <skipped/>
  </testcase> <!-- checkCookies -->
  <system-out/>
  <testcase classname="com.employeeapi.base.TC001_GetAllEmployee" name="checkContentLength" time="0.000">
    <skipped/>
  </testcase> <!-- checkContentLength -->
  <system-out/>
  <testcase classname="com.employeeapi.base.TC001_GetAllEmployee" name="setup" time="0.017">
    <error message="Cannot invoke &quot;org.apache.log4j.Logger.getLoggerRepository()&quot; because &quot;this.logger&quot; is null" type="java.lang.NullPointerException">
      <![CDATA[java.lang.NullPointerException: Cannot invoke "org.apache.log4j.Logger.getLoggerRepository()" because "this.logger" is null
at com.employee.utilities.Testbase.setup(Testbase.java:21)
at java.base/jdk.internal.reflect.NativeMethodAccessorImpl.invoke0(Native Method)
at java.base/jdk.internal.reflect.NativeMethodAccessorImpl.invoke(NativeMethodAccessorImpl.java:77)
at java.base/jdk.internal.reflect.DelegatingMethodAccessorImpl.invoke(DelegatingMethodAccessorImpl.java:43)
at java.base/java.lang.reflect.Method.invoke(Method.java:568)
at org.testng.internal.invokers.MethodInvocationHelper.invokeMethod(MethodInvocationHelper.java:139)
at org.testng.internal.invokers.MethodInvocationHelper.invokeMethodConsideringTimeout(MethodInvocationHelper.java:69)
at org.testng.internal.invokers.ConfigInvoker.invokeConfigurationMethod(ConfigInvoker.java:361)
at org.testng.internal.invokers.ConfigInvoker.invokeConfigurations(ConfigInvoker.java:296)
at org.testng.internal.invokers.TestMethodWorker.invokeBeforeClassMethods(TestMethodWorker.java:180)
at org.testng.internal.invokers.TestMethodWorker.run(TestMethodWorker.java:122)
at java.base/java.util.ArrayList.forEach(ArrayList.java:1511)
at org.testng.TestRunner.privateRun(TestRunner.java:829)
at org.testng.TestRunner.run(TestRunner.java:602)
at org.testng.SuiteRunner.runTest(SuiteRunner.java:437)
at org.testng.SuiteRunner.runSequentially(SuiteRunner.java:431)
at org.testng.SuiteRunner.privateRun(SuiteRunner.java:391)
at org.testng.SuiteRunner.run(SuiteRunner.java:330)
at org.testng.SuiteRunnerWorker.runSuite(SuiteRunnerWorker.java:52)
at org.testng.SuiteRunnerWorker.run(SuiteRunnerWorker.java:95)
at org.testng.TestNG.runSuitesSequentially(TestNG.java:1256)
at org.testng.TestNG.runSuitesLocally(TestNG.java:1176)
at org.testng.TestNG.runSuites(TestNG.java:1099)
at org.testng.TestNG.run(TestNG.java:1067)
at org.testng.remote.AbstractRemoteTestNG.run(AbstractRemoteTestNG.java:115)
at org.testng.remote.RemoteTestNG.initAndRun(RemoteTestNG.java:251)
at org.testng.remote.RemoteTestNG.main(RemoteTestNG.java:77)
]]>
    </error>
  </testcase> <!-- setup -->
  <system-out/>
  <testcase classname="com.employeeapi.base.TC001_GetAllEmployee" name="checkResponseBody" time="0.000">
    <skipped/>
  </testcase> <!-- checkResponseBody -->
  <system-out/>
  <testcase classname="com.employeeapi.base.TC001_GetAllEmployee" name="checkContentType" time="0.000">
    <skipped/>
  </testcase> <!-- checkContentType -->
  <system-out/>
  <testcase classname="com.employeeapi.base.TC001_GetAllEmployee" name="checkReStatusLine" time="0.000">
    <skipped/>
  </testcase> <!-- checkReStatusLine -->
  <system-out/>
  <testcase classname="com.employeeapi.base.TC001_GetAllEmployee" name="checkserverType" time="0.000">
    <skipped/>
  </testcase> <!-- checkserverType -->
  <system-out/>
  <testcase classname="com.employeeapi.base.TC001_GetAllEmployee" name="checkResponseTime" time="0.000">
    <skipped/>
  </testcase> <!-- checkResponseTime -->
  <system-out/>
</testsuite> <!-- com.employeeapi.base.TC001_GetAllEmployee -->
