<?xml version="1.0" encoding="UTF-8"?>
<!-- Generated by org.testng.reporters.JUnitReportReporter -->
<testsuite hostname="VG" failures="0" tests="9" name="com.employeeapi.testCase.TC001_GetAllEmployees" time="0.084" errors="1" timestamp="2024-01-27T18:03:38 IST" skipped="0">
  <testcase classname="com.employeeapi.testCase.TC001_GetAllEmployees" name="checkContentType" time="0.006"/>
  <system-out/>
  <testcase classname="com.employeeapi.testCase.TC001_GetAllEmployees" name="checkReStatusLine" time="0.001"/>
  <system-out/>
  <testcase classname="com.employeeapi.testCase.TC001_GetAllEmployees" name="checkResponseBody" time="0.035"/>
  <system-out/>
  <testcase classname="com.employeeapi.testCase.TC001_GetAllEmployees" name="checkContentEncoding" time="0.013"/>
  <system-out/>
  <testcase classname="com.employeeapi.testCase.TC001_GetAllEmployees" name="checkContentLength" time="0.005">
    <error message="Cannot parse null string" type="java.lang.NumberFormatException">
      <![CDATA[java.lang.NumberFormatException: Cannot parse null string
at java.base/java.lang.Integer.parseInt(Integer.java:630)
at java.base/java.lang.Integer.parseInt(Integer.java:786)
at com.employeeapi.testCase.TC001_GetAllEmployees.checkContentLength(TC001_GetAllEmployees.java:96)
at java.base/jdk.internal.reflect.NativeMethodAccessorImpl.invoke0(Native Method)
at java.base/jdk.internal.reflect.NativeMethodAccessorImpl.invoke(NativeMethodAccessorImpl.java:77)
at java.base/jdk.internal.reflect.DelegatingMethodAccessorImpl.invoke(DelegatingMethodAccessorImpl.java:43)
at java.base/java.lang.reflect.Method.invoke(Method.java:568)
at org.testng.internal.invokers.MethodInvocationHelper.invokeMethod(MethodInvocationHelper.java:139)
at org.testng.internal.invokers.TestInvoker.invokeMethod(TestInvoker.java:677)
at org.testng.internal.invokers.TestInvoker.invokeTestMethod(TestInvoker.java:221)
at org.testng.internal.invokers.MethodRunner.runInSequence(MethodRunner.java:50)
at org.testng.internal.invokers.TestInvoker$MethodInvocationAgent.invoke(TestInvoker.java:969)
at org.testng.internal.invokers.TestInvoker.invokeTestMethods(TestInvoker.java:194)
at org.testng.internal.invokers.TestMethodWorker.invokeTestMethods(TestMethodWorker.java:148)
at org.testng.internal.invokers.TestMethodWorker.run(TestMethodWorker.java:128)
at java.base/java.util.ArrayList.forEach(ArrayList.java:1511)
at org.testng.TestRunner.privateRun(TestRunner.java:829)
at org.testng.TestRunner.run(TestRunner.java:602)
at org.testng.SuiteRunner.runTest(SuiteRunner.java:437)
at org.testng.SuiteRunner.runSequentially(SuiteRunner.java:431)
at org.testng.SuiteRunner.privateRun(SuiteRunner.java:391)
at org.testng.SuiteRunner.run(SuiteRunner.java:330)
at org.testng.SuiteRunnerWorker.runSuite(SuiteRunnerWorker.java:52)
at org.testng.SuiteRunnerWorker.run(SuiteRunnerWorker.java:95)
at org.testng.TestNG.runSuitesSequentially(TestNG.java:1256)
at org.testng.TestNG.runSuitesLocally(TestNG.java:1176)
at org.testng.TestNG.runSuites(TestNG.java:1099)
at org.testng.TestNG.run(TestNG.java:1067)
at org.testng.remote.AbstractRemoteTestNG.run(AbstractRemoteTestNG.java:115)
at org.testng.remote.RemoteTestNG.initAndRun(RemoteTestNG.java:251)
at org.testng.remote.RemoteTestNG.main(RemoteTestNG.java:77)
]]>
    </error>
  </testcase> <!-- checkContentLength -->
  <system-out/>
  <testcase classname="com.employeeapi.testCase.TC001_GetAllEmployees" name="checkserverType" time="0.005"/>
  <system-out/>
  <testcase classname="com.employeeapi.testCase.TC001_GetAllEmployees" name="checkResponseCode" time="0.006"/>
  <system-out/>
  <testcase classname="com.employeeapi.testCase.TC001_GetAllEmployees" name="checkResponseTime" time="0.008"/>
  <system-out/>
  <testcase classname="com.employeeapi.testCase.TC001_GetAllEmployees" name="checkCookies" time="0.005"/>
  <system-out/>
</testsuite> <!-- com.employeeapi.testCase.TC001_GetAllEmployees -->
